{"level":"info","message":{"body":{},"level":"info","method":"GET","parameters":{"0":"/Finances"},"timestamp":"9/6/2023, 1:59:47 PM","url":"/Finances"},"service":"finance-budget"}
{"level":"info","message":{"body":{},"level":"info","method":"GET","parameters":{"0":"/Finances"},"timestamp":"9/6/2023, 1:59:52 PM","url":"/Finances"},"service":"finance-budget"}
{"level":"info","message":{"body":{},"level":"info","method":"GET","parameters":{"0":"/Finances"},"timestamp":"9/6/2023, 1:59:53 PM","url":"/Finances"},"service":"finance-budget"}
{"level":"info","message":{"body":{},"level":"info","method":"GET","parameters":{"0":"/Finances"},"timestamp":"9/6/2023, 2:00:01 PM","url":"/Finances"},"service":"finance-budget"}
{"level":"info","message":{"body":{},"level":"info","method":"GET","parameters":{"0":"/Finances"},"timestamp":"9/6/2023, 2:00:03 PM","url":"/Finances"},"service":"finance-budget"}
{"level":"info","message":{"body":{},"level":"info","method":"GET","parameters":{"0":"/new-user"},"timestamp":"9/6/2023, 2:45:45 PM","url":"/new-user"},"service":"finance-budget"}
{"level":"info","message":{"body":{"Email":"j123@yahoo.com","Name":"Jordan","Password":"password123","ReEnterpassword":"password123"},"level":"info","method":"POST","parameters":{"0":"/new-user"},"timestamp":"9/6/2023, 2:51:26 PM","url":"/new-user"},"service":"finance-budget"}
{"level":"info","message":{"body":{"Email":"j123@yahoo.com","Name":"Jordan","Password":"password123","ReEnterpassword":"password123"},"level":"info","method":"POST","parameters":{"0":"/new-user"},"timestamp":"9/6/2023, 2:54:24 PM","url":"/new-user"},"service":"finance-budget"}
{"level":"info","message":{"body":{"Email":"j123@yahoo.com","Name":"Jordan","Password":"password123","ReEnterpassword":"password123"},"level":"info","method":"POST","parameters":{"0":"/new-user"},"timestamp":"9/6/2023, 2:55:11 PM","url":"/new-user"},"service":"finance-budget"}
{"level":"info","message":{"body":{"Email":"j123@yahoo.com","Name":"Jordan","Password":"password123","ReEnterpassword":"password123"},"level":"info","method":"POST","parameters":{"0":"/new-user"},"timestamp":"9/6/2023, 2:57:53 PM","url":"/new-user"},"service":"finance-budget"}
{"level":"info","message":{"body":{"Email":"j123@yahoo.com","Name":"Jordan","Password":"password123","ReEnterpassword":"password123"},"level":"info","method":"POST","parameters":{"0":"/new-user"},"timestamp":"9/6/2023, 3:01:34 PM","url":"/new-user"},"service":"finance-budget"}
{"level":"info","message":{"body":{"Email":"j123@yahoo.com","Name":"Jordan","Password":"password123","ReEnterpassword":"password123"},"level":"info","method":"POST","parameters":{"0":"/new-user"},"timestamp":"9/6/2023, 3:03:32 PM","url":"/new-user"},"service":"finance-budget"}
{"level":"info","message":{"body":{"Email":"j123@yahoo.com","Name":"Jordan","Password":"password123","ReEnterpassword":"password123"},"level":"info","method":"POST","parameters":{"0":"/new-user"},"timestamp":"9/6/2023, 3:03:54 PM","url":"/new-user"},"service":"finance-budget"}
{"level":"info","message":{"body":{"Email":"j123@yahoo.com","Name":"Jordan","Password":"password123","ReEnterpassword":"password123"},"level":"info","method":"POST","parameters":{"0":"/new-user"},"timestamp":"9/6/2023, 3:04:27 PM","url":"/new-user"},"service":"finance-budget"}
{"level":"info","message":{"body":{"Email":"j123@yahoo.com","Name":"Jordan","Password":"password123","ReEnterpassword":"password123"},"level":"info","method":"POST","parameters":{"0":"/new-user"},"timestamp":"9/6/2023, 3:05:19 PM","url":"/new-user"},"service":"finance-budget"}
{"level":"info","message":{"body":{"Email":"j123@yahoo.com","Name":"Jordan","Password":"password123","ReEnterpassword":"password123"},"level":"info","method":"POST","parameters":{"0":"/new-user"},"timestamp":"9/6/2023, 3:07:11 PM","url":"/new-user"},"service":"finance-budget"}
{"level":"info","message":{"body":{"Email":"j123@yahoo.com","Name":"Jordan","Password":"password123","ReEnterpassword":"password123"},"level":"info","method":"POST","parameters":{"0":"/new-user"},"timestamp":"9/6/2023, 3:29:13 PM","url":"/new-user"},"service":"finance-budget"}
{"level":"info","message":{"body":{"Email":"j123@yahoo.com","Password":"password123"},"level":"info","method":"POST","parameters":{"0":"/sign-in"},"timestamp":"9/6/2023, 3:42:34 PM","url":"/sign-in"},"service":"finance-budget"}
{"level":"info","message":{"body":{"Email":"j123@yahoo.com","Password":"password123"},"level":"info","method":"POST","parameters":{"0":"/sign-in"},"timestamp":"9/6/2023, 3:43:06 PM","url":"/sign-in"},"service":"finance-budget"}
{"level":"info","message":{"body":{"Email":"j123@yahoo.com","Password":"password123"},"level":"info","method":"POST","parameters":{"0":"/sign-in"},"timestamp":"9/6/2023, 3:43:33 PM","url":"/sign-in"},"service":"finance-budget"}
{"level":"info","message":{"body":{"Email":"j123@yahoo.com","Password":"password123"},"level":"info","method":"POST","parameters":{"0":"/sign-in"},"timestamp":"9/6/2023, 3:45:25 PM","url":"/sign-in"},"service":"finance-budget"}
{"level":"info","message":{"body":{"Email":"j123@yahoo.com","Password":"password123"},"level":"info","method":"POST","parameters":{"0":"/sign-in"},"timestamp":"9/6/2023, 3:46:10 PM","url":"/sign-in"},"service":"finance-budget"}
{"level":"info","message":{"body":{"Email":"j123@yahoo.com","Password":"password123"},"level":"info","method":"POST","parameters":{"0":"/sign-in"},"timestamp":"9/6/2023, 3:46:45 PM","url":"/sign-in"},"service":"finance-budget"}
{"level":"info","message":{"body":{"Email":"j123@yahoo.com","Password":"password123"},"level":"info","method":"POST","parameters":{"0":"/sign-in"},"timestamp":"9/6/2023, 3:47:04 PM","url":"/sign-in"},"service":"finance-budget"}
{"level":"info","message":{"body":{"Email":"j123@yahoo.com","Password":"password123"},"level":"info","method":"POST","parameters":{"0":"/sign-in"},"timestamp":"9/6/2023, 3:50:46 PM","url":"/sign-in"},"service":"finance-budget"}
{"level":"info","message":{"body":{"Email":"j123@yahoo.com","Password":"password123"},"level":"info","method":"POST","parameters":{"0":"/sign-in"},"timestamp":"9/6/2023, 3:51:22 PM","url":"/sign-in"},"service":"finance-budget"}
{"level":"info","message":{"body":{"Email":"j123@yahoo.com","Password":"password123"},"level":"info","method":"POST","parameters":{"0":"/sign-in"},"timestamp":"9/6/2023, 4:23:26 PM","url":"/sign-in"},"service":"finance-budget"}
{"level":"info","message":{"body":{"Email":"j123@yahoo.com","Password":"password123"},"level":"info","method":"POST","parameters":{"0":"/sign-in"},"timestamp":"9/6/2023, 4:24:12 PM","url":"/sign-in"},"service":"finance-budget"}
{"level":"info","message":{"body":{"Email":"j123@yahoo.com","Password":"password123"},"level":"info","method":"POST","parameters":{"0":"/sign-in"},"timestamp":"9/6/2023, 4:24:55 PM","url":"/sign-in"},"service":"finance-budget"}
{"level":"info","message":{"body":{"Email":"j123@yahoo.com","Password":"password123"},"level":"info","method":"POST","parameters":{"0":"/sign-in"},"timestamp":"9/6/2023, 4:24:58 PM","url":"/sign-in"},"service":"finance-budget"}
{"level":"info","message":{"body":{"Email":"j123@yahoo.com","Password":"password123"},"level":"info","method":"POST","parameters":{"0":"/sign-in"},"timestamp":"9/6/2023, 4:25:16 PM","url":"/sign-in"},"service":"finance-budget"}
{"level":"info","message":{"body":{"Email":"j123@yahoo.com","Password":"password123"},"level":"info","method":"POST","parameters":{"0":"/sign-in"},"timestamp":"9/6/2023, 4:25:46 PM","url":"/sign-in"},"service":"finance-budget"}
{"level":"info","message":{"body":{"Email":"j123@yahoo.com","Password":"password123"},"level":"info","method":"POST","parameters":{"0":"/sign-in"},"timestamp":"9/6/2023, 4:29:20 PM","url":"/sign-in"},"service":"finance-budget"}
{"level":"info","message":{"body":{"Email":"j123@yahoo.com","Password":"password123"},"level":"info","method":"POST","parameters":{"0":"/sign-in"},"timestamp":"9/6/2023, 4:30:30 PM","url":"/sign-in"},"service":"finance-budget"}
{"level":"info","message":{"body":{"Email":"j133@yahoo.com","Password":"password123"},"level":"info","method":"POST","parameters":{"0":"/sign-in"},"timestamp":"9/6/2023, 4:30:37 PM","url":"/sign-in"},"service":"finance-budget"}
{"level":"info","message":{"body":{"Email":"j133@yahoo.com","Password":"password123"},"level":"info","method":"POST","parameters":{"0":"/sign-in"},"timestamp":"9/6/2023, 4:32:33 PM","url":"/sign-in"},"service":"finance-budget"}
{"level":"info","message":{"body":{"Email":"j133@yahoo.com","Password":"password123"},"level":"info","method":"POST","parameters":{"0":"/sign-in"},"timestamp":"9/6/2023, 4:33:47 PM","url":"/sign-in"},"service":"finance-budget"}
{"level":"info","message":{"body":{"Email":"j133@yahoo.com","Password":"password123"},"level":"info","method":"POST","parameters":{"0":"/sign-in"},"timestamp":"9/6/2023, 4:35:34 PM","url":"/sign-in"},"service":"finance-budget"}
{"level":"info","message":{"body":{"Email":"j123@yahoo.com","Password":"password123"},"level":"info","method":"POST","parameters":{"0":"/sign-in"},"timestamp":"9/6/2023, 4:35:45 PM","url":"/sign-in"},"service":"finance-budget"}
{"level":"info","message":{"body":{"Email":"j123@yahoo.com","Password":"password123"},"level":"info","method":"POST","parameters":{"0":"/"},"timestamp":"9/6/2023, 4:36:38 PM","url":"/"},"service":"finance-budget"}
{"level":"info","message":{"body":{"Email":"j123@yahoo.com","Password":"password123"},"level":"info","method":"GET","parameters":{"0":"/"},"timestamp":"9/6/2023, 4:36:44 PM","url":"/"},"service":"finance-budget"}
{"level":"info","message":{"body":{"Email":"j123@yahoo.com","Password":"password123"},"level":"info","method":"POST","parameters":{"0":"/sign-in"},"timestamp":"9/6/2023, 4:38:37 PM","url":"/sign-in"},"service":"finance-budget"}
{"level":"info","message":{"body":{"Email":"j123@yahoo.com","Password":"password123"},"level":"info","method":"POST","parameters":{"0":"/sign-in"},"timestamp":"9/6/2023, 4:41:18 PM","url":"/sign-in"},"service":"finance-budget"}
{"level":"info","message":{"body":{"Email":"j143@yahoo.com","Password":"password123"},"level":"info","method":"POST","parameters":{"0":"/sign-in"},"timestamp":"9/6/2023, 4:41:58 PM","url":"/sign-in"},"service":"finance-budget"}
{"level":"info","message":{"body":{"Email":"j143@yahoo.com","Password":"password123"},"level":"info","method":"POST","parameters":{"0":"/sign-in"},"timestamp":"9/6/2023, 4:42:00 PM","url":"/sign-in"},"service":"finance-budget"}
{"level":"info","message":{"body":{"Email":"j143@yahoo.com","Password":"password123"},"level":"info","method":"POST","parameters":{"0":"/sign-in"},"timestamp":"9/6/2023, 4:42:01 PM","url":"/sign-in"},"service":"finance-budget"}
{"level":"info","message":{"body":{"Email":"j143@yahoo.com","Password":"password123"},"level":"info","method":"GET","parameters":{"0":"/"},"timestamp":"9/6/2023, 4:45:04 PM","url":"/"},"service":"finance-budget"}
{"level":"info","message":{"body":{"Email":"j143@yahoo.com"},"level":"info","method":"GET","parameters":{"0":"/"},"timestamp":"9/6/2023, 4:49:04 PM","url":"/"},"service":"finance-budget"}
{"level":"info","message":{"body":{},"level":"info","method":"GET","parameters":{"0":"/"},"timestamp":"9/6/2023, 4:49:11 PM","url":"/"},"service":"finance-budget"}
{"level":"info","message":{"body":{},"level":"info","method":"GET","parameters":{"0":"/"},"timestamp":"9/6/2023, 4:55:36 PM","url":"/"},"service":"finance-budget"}
{"level":"info","message":{"body":{},"level":"info","method":"GET","parameters":{"0":"/"},"timestamp":"9/6/2023, 9:52:30 PM","url":"/"},"service":"finance-budget"}
{"level":"info","message":{"body":{},"level":"info","method":"GET","parameters":{"0":"/"},"timestamp":"9/6/2023, 9:52:35 PM","url":"/"},"service":"finance-budget"}
{"level":"info","message":{"body":{"Email":"J2468@gmail.com","Name":"Jordan","Password":"pass123","ReEnterpassword":"pass123"},"level":"info","method":"POST","parameters":{"0":"/sign-up"},"timestamp":"9/6/2023, 9:55:56 PM","url":"/sign-up"},"service":"finance-budget"}
{"level":"info","message":{"body":{"Email":"J2468@gmail.com","Name":"Jordan","Password":"pass123","ReEnterpassword":"pass123"},"level":"info","method":"POST","parameters":{"0":"/sign-up"},"timestamp":"9/6/2023, 10:06:37 PM","url":"/sign-up"},"service":"finance-budget"}
{"level":"info","message":{"body":{"Email":"J2468@gmail.com","Name":"Jordan","Password":"pass123","ReEnterpassword":"pass123"},"level":"info","method":"POST","parameters":{"0":"/sign-up"},"timestamp":"9/6/2023, 10:08:18 PM","url":"/sign-up"},"service":"finance-budget"}
{"level":"info","message":{"body":{"Email":"J2468@gmail.com","Name":"Jordan","Password":"pass123","ReEnterpassword":"pass123"},"level":"info","method":"POST","parameters":{"0":"/sign-up"},"timestamp":"9/6/2023, 10:14:58 PM","url":"/sign-up"},"service":"finance-budget"}
{"level":"info","message":{"body":{"Email":"J2468@gmail.com","Name":"Jordan","Password":"pass123","ReEnterpassword":"pass123"},"level":"info","method":"POST","parameters":{"0":"/sign-up"},"timestamp":"9/6/2023, 10:39:19 PM","url":"/sign-up"},"service":"finance-budget"}
{"level":"info","message":{"body":{"Email":"J2468@gmail.com","Name":"Jordan","Password":"pass123","ReEnterpassword":"pass123"},"level":"info","method":"GET","parameters":{"0":"/"},"timestamp":"9/6/2023, 10:39:39 PM","url":"/"},"service":"finance-budget"}
{"level":"info","message":{"body":{"Email":"J2468@gmail.com","Name":"gthtrh","Password":"pass123","ReEnterpassword":"pass123"},"level":"info","method":"POST","parameters":{"0":"/sign-up"},"timestamp":"9/6/2023, 10:40:08 PM","url":"/sign-up"},"service":"finance-budget"}
{"level":"info","message":{"body":{"Email":"J2468@gmail.com","Name":"egtrgrtyhtr","Password":"pass123","ReEnterpassword":"pass123"},"level":"info","method":"POST","parameters":{"0":"/sign-up"},"timestamp":"9/6/2023, 10:40:21 PM","url":"/sign-up"},"service":"finance-budget"}
{"level":"info","message":{"body":{"Email":"J2468@gmail.com","Name":"egtrgrtyhtr","Password":"pass123","ReEnterpassword":"pass123"},"level":"info","method":"POST","parameters":{"0":"/sign-up"},"timestamp":"9/6/2023, 10:43:19 PM","url":"/sign-up"},"service":"finance-budget"}
{"level":"info","message":{"body":{"Email":"J2468@gmail.com","Name":"egtrgrtyhtr","Password":"pass123","ReEnterpassword":"pass123"},"level":"info","method":"GET","parameters":{"0":"/"},"timestamp":"9/6/2023, 10:43:51 PM","url":"/"},"service":"finance-budget"}
{"level":"info","message":{"body":{"Email":"J2468@gmail.com","Name":"egtrgrtyhtr","Password":"pass123","ReEnterpassword":"pass123"},"level":"info","method":"GET","parameters":{"0":"/"},"timestamp":"9/6/2023, 10:44:00 PM","url":"/"},"service":"finance-budget"}
{"level":"info","message":{"body":{"Email":"J2468@gmail.com","Name":"egtrgrtyhtr","Password":"pass123","ReEnterpassword":"pass123"},"level":"info","method":"GET","parameters":{"0":"/"},"timestamp":"9/6/2023, 10:44:27 PM","url":"/"},"service":"finance-budget"}
{"level":"info","message":{"body":{"Email":"J2468@gmail.com","Name":"egtrgrtyhtr","Password":"pass123","ReEnterpassword":"pass123"},"level":"info","method":"GET","parameters":{"0":"/"},"timestamp":"9/6/2023, 10:45:07 PM","url":"/"},"service":"finance-budget"}
{"level":"info","message":{"body":{"Email":"J2468@gmail.com","Name":"egtrgrtyhtr","Password":"pass123","ReEnterpassword":"pass123"},"level":"info","method":"GET","parameters":{"0":"/"},"timestamp":"9/6/2023, 10:45:12 PM","url":"/"},"service":"finance-budget"}
{"level":"info","message":{"body":{"Email":"J2468@gmail.com","Name":"egtrgrtyhtr","Password":"pass123","ReEnterpassword":"pass123"},"level":"info","method":"GET","parameters":{"0":"/"},"timestamp":"9/6/2023, 10:50:30 PM","url":"/"},"service":"finance-budget"}
{"level":"info","message":{"body":{"Email":"J2468@gmail.com","Name":"egtrgrtyhtr","Password":"pass123","ReEnterpassword":"pass123"},"level":"info","method":"GET","parameters":{"0":"/"},"timestamp":"9/6/2023, 10:50:40 PM","url":"/"},"service":"finance-budget"}
{"level":"info","message":{"body":{"Email":"J2468@gmail.com","Name":"egtrgrtyhtr","Password":"pass123","ReEnterpassword":"pass123"},"level":"info","method":"GET","parameters":{"0":"/"},"timestamp":"9/7/2023, 9:01:43 AM","url":"/"},"service":"finance-budget"}
{"level":"info","message":{"body":{"Email":"J2468@gmail.com","Name":"egtrgrtyhtr","Password":"pass123","ReEnterpassword":"pass123"},"level":"info","method":"POST","parameters":{"0":"/sign-up"},"timestamp":"9/7/2023, 9:04:36 AM","url":"/sign-up"},"service":"finance-budget"}
{"level":"info","message":{"body":{"Email":"J2468@gmail.com","Name":"egtrgrtyhtr","Password":"pass123","ReEnterpassword":"pass123"},"level":"info","method":"POST","parameters":{"0":"/sign-up"},"timestamp":"9/7/2023, 9:05:01 AM","url":"/sign-up"},"service":"finance-budget"}
{"level":"info","message":{"body":{"Email":"J2468@gmail.com","Name":"egtrgrtyhtr","Password":"pass123","ReEnterpassword":"pass123"},"level":"info","method":"GET","parameters":{"0":"/"},"timestamp":"9/7/2023, 9:05:19 AM","url":"/"},"service":"finance-budget"}
{"level":"info","message":{"body":{"Email":"J2468@gmail.com","Name":"egtrgrtyhtr","Password":"pass123","ReEnterpassword":"pass123"},"level":"info","method":"GET","parameters":{"0":"/"},"timestamp":"9/7/2023, 9:14:31 AM","url":"/"},"service":"finance-budget"}
{"level":"info","message":{"body":{"Email":"J2468@gmail.com","Name":"egtrgrtyhtr","Password":"pass123","ReEnterpassword":"pass123"},"level":"info","method":"GET","parameters":{"0":"/"},"timestamp":"9/7/2023, 9:15:03 AM","url":"/"},"service":"finance-budget"}
{"level":"info","message":{"body":{"Email":"J2468@gmail.com","Name":"egtrgrtyhtr","Password":"pass123","ReEnterpassword":"pass123"},"level":"info","method":"GET","parameters":{"0":"/"},"timestamp":"9/7/2023, 9:26:40 AM","url":"/"},"service":"finance-budget"}
{"level":"info","message":{"body":{},"level":"info","method":"GET","parameters":{"0":"/"},"timestamp":"9/7/2023, 9:26:51 AM","url":"/"},"service":"finance-budget"}
{"level":"info","message":{"body":{},"level":"info","method":"GET","parameters":{"0":"/favicon.ico"},"timestamp":"9/7/2023, 9:26:51 AM","url":"/favicon.ico"},"service":"finance-budget"}
{"level":"info","message":{"body":{},"level":"info","method":"POST","parameters":{"0":"/sign-up"},"timestamp":"9/7/2023, 9:28:30 AM","url":"/sign-up"},"service":"finance-budget"}
{"level":"info","message":{"body":{},"level":"info","method":"GET","parameters":{"0":"/"},"timestamp":"9/7/2023, 9:30:56 AM","url":"/"},"service":"finance-budget"}
{"level":"info","message":{"body":{},"level":"info","method":"POST","parameters":{"0":"/sign-up"},"timestamp":"9/7/2023, 9:31:09 AM","url":"/sign-up"},"service":"finance-budget"}
{"level":"info","message":{"body":{},"level":"info","method":"POST","parameters":{"0":"/sign-up"},"timestamp":"9/7/2023, 9:31:54 AM","url":"/sign-up"},"service":"finance-budget"}
{"level":"info","message":{"body":{},"level":"info","method":"POST","parameters":{"0":"/sign-up"},"timestamp":"9/7/2023, 9:31:57 AM","url":"/sign-up"},"service":"finance-budget"}
{"level":"info","message":{"body":{"Email":"J2468@gmail.com","Name":"egtrgrtyhtr","Password":"pass123","ReEnterpassword":"pass123"},"level":"info","method":"POST","parameters":{"0":"/sign-up"},"timestamp":"9/7/2023, 9:32:29 AM","url":"/sign-up"},"service":"finance-budget"}
{"level":"info","message":{"body":{},"level":"info","method":"POST","parameters":{"0":"/sign-up"},"timestamp":"9/7/2023, 9:34:21 AM","url":"/sign-up"},"service":"finance-budget"}
{"level":"info","message":{"body":{},"level":"info","method":"GET","parameters":{"0":"/"},"timestamp":"9/7/2023, 9:34:26 AM","url":"/"},"service":"finance-budget"}
{"level":"info","message":{"body":{},"level":"info","method":"POST","parameters":{"0":"/sign-up"},"timestamp":"9/7/2023, 9:34:43 AM","url":"/sign-up"},"service":"finance-budget"}
{"level":"info","message":{"body":{},"level":"info","method":"POST","parameters":{"0":"/sign-up"},"timestamp":"9/7/2023, 9:37:36 AM","url":"/sign-up"},"service":"finance-budget"}
{"level":"info","message":{"body":{"Email":"J2468@gmail.com","Name":"egtrgrtyhtr","Password":"pass123","ReEnterPassword":"pass123"},"level":"info","method":"POST","parameters":{"0":"/sign-up"},"timestamp":"9/7/2023, 9:40:34 AM","url":"/sign-up"},"service":"finance-budget"}
{"level":"info","message":{"body":{"Email":"J2468@gmail.com","Name":"egtrgrtyhtr","Password":"pass123","ReEnterPassword":"pass123"},"level":"info","method":"POST","parameters":{"0":"/sign-up"},"timestamp":"9/7/2023, 9:40:51 AM","url":"/sign-up"},"service":"finance-budget"}
{"level":"info","message":{"body":{},"level":"info","method":"POST","parameters":{"0":"/sign-up"},"timestamp":"9/7/2023, 9:42:01 AM","url":"/sign-up"},"service":"finance-budget"}
{"level":"info","message":{"body":{},"level":"info","method":"GET","parameters":{"0":"/"},"timestamp":"9/7/2023, 9:43:08 AM","url":"/"},"service":"finance-budget"}
{"level":"info","message":{"body":{},"level":"info","method":"POST","parameters":{"0":"/sign-up"},"timestamp":"9/7/2023, 9:43:11 AM","url":"/sign-up"},"service":"finance-budget"}
{"level":"info","message":{"body":{},"level":"info","method":"POST","parameters":{"0":"/sign-up"},"timestamp":"9/7/2023, 9:45:44 AM","url":"/sign-up"},"service":"finance-budget"}
{"level":"info","message":{"body":{},"level":"info","method":"GET","parameters":{"0":"/sign-up"},"timestamp":"9/7/2023, 9:50:15 AM","url":"/sign-up"},"service":"finance-budget"}
{"level":"info","message":{"body":{},"level":"info","method":"GET","parameters":{"0":"/"},"timestamp":"9/7/2023, 9:50:22 AM","url":"/"},"service":"finance-budget"}
{"level":"info","message":{"body":{},"level":"info","method":"POST","parameters":{"0":"/sign-up"},"timestamp":"9/7/2023, 9:50:27 AM","url":"/sign-up"},"service":"finance-budget"}
{"level":"info","message":{"body":{},"level":"info","method":"POST","parameters":{"0":"/sign-up"},"timestamp":"9/7/2023, 9:50:46 AM","url":"/sign-up"},"service":"finance-budget"}
{"level":"info","message":{"body":{},"level":"info","method":"POST","parameters":{"0":"/sign-up"},"timestamp":"9/7/2023, 9:51:24 AM","url":"/sign-up"},"service":"finance-budget"}
{"level":"info","message":{"body":{"Email":"w_jordan53@yahoo.com","Name":"Jordan","Password":"Pass123","ReEnterPassword":"Pass123"},"level":"info","method":"POST","parameters":{"0":"/sign-up"},"timestamp":"9/7/2023, 9:53:49 AM","url":"/sign-up"},"service":"finance-budget"}
{"level":"info","message":{"body":{"Email":"J2468@gmail.com","Name":"egtrgrtyhtr","Password":"pass123","ReEnterPassword":"pass123"},"level":"info","method":"POST","parameters":{"0":"/sign-up"},"timestamp":"9/7/2023, 9:54:15 AM","url":"/sign-up"},"service":"finance-budget"}
{"level":"info","message":{"body":{"Email":"w_jordan53@yahoo.com","Name":"Jordan","Password":"Pass123","ReEnterPassword":"Pass123"},"level":"info","method":"POST","parameters":{"0":"/sign-up"},"timestamp":"9/7/2023, 9:54:55 AM","url":"/sign-up"},"service":"finance-budget"}
{"level":"info","message":{"body":{"Email":"J2468@gmail.com","Name":"egtrgrtyhtr","Password":"pass123","ReEnterPassword":"pass123"},"level":"info","method":"POST","parameters":{"0":"/sign-up"},"timestamp":"9/7/2023, 9:58:03 AM","url":"/sign-up"},"service":"finance-budget"}
{"level":"info","message":{"body":{"Email":"J2468@gmail.com","Name":"egtrgrtyhtr","Password":"pass123","ReEnterPassword":"pass123"},"level":"info","method":"POST","parameters":{"0":"/sign-up"},"timestamp":"9/7/2023, 10:00:42 AM","url":"/sign-up"},"service":"finance-budget"}
{"level":"info","message":{"body":{"Email":"w_jordan53@yahoo.com","Name":"Jordan","Password":"Pass123","ReEnterPassword":"Pass123"},"level":"info","method":"POST","parameters":{"0":"/sign-up"},"timestamp":"9/7/2023, 10:01:09 AM","url":"/sign-up"},"service":"finance-budget"}
{"level":"info","message":{"body":{},"level":"info","method":"GET","parameters":{"0":"/"},"timestamp":"9/7/2023, 10:01:17 AM","url":"/"},"service":"finance-budget"}
{"level":"info","message":{"body":{"Email":"w_jordan53@yahoo.com","Name":"Jordan","Password":"Pass123","ReEnterPassword":"Pass123"},"level":"info","method":"POST","parameters":{"0":"/sign-up"},"timestamp":"9/7/2023, 10:01:19 AM","url":"/sign-up"},"service":"finance-budget"}
{"level":"info","message":{"body":{},"level":"info","method":"GET","parameters":{"0":"/"},"timestamp":"9/7/2023, 10:02:32 AM","url":"/"},"service":"finance-budget"}
{"level":"info","message":{"body":{},"level":"info","method":"GET","parameters":{"0":"/"},"timestamp":"9/7/2023, 10:02:34 AM","url":"/"},"service":"finance-budget"}
{"level":"info","message":{"body":{},"level":"info","method":"GET","parameters":{"0":"/"},"timestamp":"9/7/2023, 10:02:55 AM","url":"/"},"service":"finance-budget"}
{"level":"info","message":{"body":{},"level":"info","method":"GET","parameters":{"0":"/"},"timestamp":"9/7/2023, 10:03:35 AM","url":"/"},"service":"finance-budget"}
{"level":"info","message":{"body":{},"level":"info","method":"GET","parameters":{"0":"/"},"timestamp":"9/7/2023, 10:03:37 AM","url":"/"},"service":"finance-budget"}
{"level":"info","message":{"body":{},"level":"info","method":"GET","parameters":{"0":"/"},"timestamp":"9/7/2023, 10:06:20 AM","url":"/"},"service":"finance-budget"}
{"level":"info","message":{"body":{},"level":"info","method":"GET","parameters":{"0":"/sign-up.ejs"},"timestamp":"9/7/2023, 10:06:22 AM","url":"/sign-up.ejs"},"service":"finance-budget"}
{"level":"info","message":{"body":{},"level":"info","method":"GET","parameters":{"0":"/sign-up.ejs"},"timestamp":"9/7/2023, 10:06:53 AM","url":"/sign-up.ejs"},"service":"finance-budget"}
{"level":"info","message":{"body":{},"level":"info","method":"GET","parameters":{"0":"/sign-up.ejs"},"timestamp":"9/7/2023, 10:08:39 AM","url":"/sign-up.ejs"},"service":"finance-budget"}
{"level":"info","message":{"body":{},"level":"info","method":"GET","parameters":{"0":"/"},"timestamp":"9/7/2023, 10:09:07 AM","url":"/"},"service":"finance-budget"}
{"level":"info","message":{"body":{},"level":"info","method":"GET","parameters":{"0":"/sign-up.ejs"},"timestamp":"9/7/2023, 10:09:08 AM","url":"/sign-up.ejs"},"service":"finance-budget"}
{"level":"info","message":{"body":{},"level":"info","method":"GET","parameters":{"0":"/"},"timestamp":"9/7/2023, 10:10:09 AM","url":"/"},"service":"finance-budget"}
{"level":"info","message":{"body":{},"level":"info","method":"GET","parameters":{"0":"/sign-up.ejs"},"timestamp":"9/7/2023, 10:10:11 AM","url":"/sign-up.ejs"},"service":"finance-budget"}
{"level":"info","message":{"body":{},"level":"info","method":"GET","parameters":{"0":"/sign-up.ejs"},"timestamp":"9/7/2023, 10:10:42 AM","url":"/sign-up.ejs"},"service":"finance-budget"}
{"level":"info","message":{"body":{},"level":"info","method":"GET","parameters":{"0":"/sign-up.ejs"},"timestamp":"9/7/2023, 10:11:12 AM","url":"/sign-up.ejs"},"service":"finance-budget"}
{"level":"info","message":{"body":{},"level":"info","method":"GET","parameters":{"0":"/"},"timestamp":"9/7/2023, 10:16:34 AM","url":"/"},"service":"finance-budget"}
{"level":"info","message":{"body":{},"level":"info","method":"GET","parameters":{"0":"/sign-up.ejs"},"timestamp":"9/7/2023, 10:16:38 AM","url":"/sign-up.ejs"},"service":"finance-budget"}
{"level":"info","message":{"body":{},"level":"info","method":"GET","parameters":{"0":"/"},"timestamp":"9/7/2023, 10:16:41 AM","url":"/"},"service":"finance-budget"}
{"level":"info","message":{"body":{"email":"","password":""},"level":"info","method":"POST","parameters":{"0":"/log-in"},"timestamp":"9/7/2023, 10:16:43 AM","url":"/log-in"},"service":"finance-budget"}
{"level":"info","message":{"body":{"email":"test@test.com","password":"test123"},"level":"info","method":"POST","parameters":{"0":"/log-in"},"timestamp":"9/7/2023, 10:17:01 AM","url":"/log-in"},"service":"finance-budget"}
{"level":"info","message":{"body":{},"level":"info","method":"GET","parameters":{"0":"/sign-up.ejs"},"timestamp":"9/7/2023, 10:17:07 AM","url":"/sign-up.ejs"},"service":"finance-budget"}
{"level":"info","message":{"body":{},"level":"info","method":"GET","parameters":{"0":"/"},"timestamp":"9/7/2023, 10:17:58 AM","url":"/"},"service":"finance-budget"}
{"level":"info","message":{"body":{},"level":"info","method":"GET","parameters":{"0":"/sign-up"},"timestamp":"9/7/2023, 10:18:00 AM","url":"/sign-up"},"service":"finance-budget"}
{"level":"info","message":{"body":{},"level":"info","method":"GET","parameters":{"0":"/sign-up"},"timestamp":"9/7/2023, 10:19:38 AM","url":"/sign-up"},"service":"finance-budget"}
{"level":"info","message":{"body":{},"level":"info","method":"GET","parameters":{"0":"/sign-up"},"timestamp":"9/7/2023, 10:19:40 AM","url":"/sign-up"},"service":"finance-budget"}
{"level":"info","message":{"body":{},"level":"info","method":"GET","parameters":{"0":"/sign-up"},"timestamp":"9/7/2023, 10:20:01 AM","url":"/sign-up"},"service":"finance-budget"}
{"level":"info","message":{"body":{"password":"theGoat!","username":"LionelMessi"},"level":"info","method":"GET","parameters":{"0":"/users"},"timestamp":"9/7/2023, 11:14:24 AM","url":"/users"},"service":"finance-budget"}
{"level":"info","message":{"body":{"Email":"imissmydog123@gmail.com","Name":"John Wick","Password":"longlivefluffy","ReEnterPassword":"longlivefluffy"},"level":"info","method":"POST","parameters":{"0":"/sign-up"},"timestamp":"9/7/2023, 11:14:36 AM","url":"/sign-up"},"service":"finance-budget"}
